<?xml version="1.0" encoding="UTF-8"?>
<!-- Generated by org.testng.reporters.JUnitReportReporter -->
<testsuite skipped="0" hostname="admin-PC" name="script.Test1" tests="1" failures="0" timestamp="23 Aug 2018 11:40:07 GMT" time="0.010" errors="0">
  <testcase name="test" time="0.010" classname="script.Test1"/>
</testsuite> <!-- script.Test1 -->
